2025.03.27 16:57:19 INFO  Started: Metals version 1.5.2 in folders 'C:\Users\Leon\hearts\Hearts' for client Visual Studio Code 1.98.2.
2025.03.27 16:57:21 INFO  no build target found for C:\Users\Leon\hearts\Hearts\hearts\src\main\scala\Main.scala. Using presentation compiler with project's scala-library version: 3.3.5
2025.03.27 16:57:24 INFO  no build target found for C:\Users\Leon\hearts\Hearts\hearts\src\main\scala\Main.scala. Using presentation compiler with project's scala-library version: 3.3.5
2025.03.27 16:57:34 INFO  running 'C:\Program Files\Java\jdk-21\bin\java.exe -Djline.terminal=jline.UnsupportedTerminal -Dsbt.log.noformat=true -Dfile.encoding=UTF-8 -jar C:\Users\Leon\AppData\Local\Temp\metals5810439274218443604\sbt-launch.jar -Dbloop.export-jar-classifiers=sources bloopInstall'
2025.03.27 16:57:34 INFO  no build target found for C:\Users\Leon\hearts\Hearts\hearts\src\main\scala\Hearts.worksheet.sc. Using presentation compiler with project's scala-library version: 3.3.5
2025.03.27 16:57:47 INFO  [info] welcome to sbt 1.10.11 (Oracle Corporation Java 21.0.6)
2025.03.27 16:58:03 WARN  thread interrupt: Evaluating Worksheet Hearts.worksheet.sc
2025.03.27 16:58:03 INFO  time: evaluated worksheet 'Hearts.worksheet.sc' in 30s
2025.03.27 16:58:03 INFO  [info] loading settings for project hearts-build-build from metals.sbt...
2025.03.27 16:58:07 INFO  [info] loading project definition from C:\Users\Leon\hearts\Hearts\hearts\project\project
2025.03.27 16:58:14 INFO  [info] loading settings for project hearts-build from metals.sbt...
2025.03.27 16:58:14 INFO  [info] loading project definition from C:\Users\Leon\hearts\Hearts\hearts\project
2025.03.27 16:58:22 INFO  [success] Generated .bloop\hearts-build.json
2025.03.27 16:58:22 INFO  [success] Total time: 8 s, completed 27.03.2025, 16:58:22
2025.03.27 16:58:25 INFO  [info] loading settings for project root from build.sbt...
2025.03.27 16:58:25 INFO  [info] set current project to Hearts (in build file:/C:/Users/Leon/hearts/Hearts/hearts/)
2025.03.27 16:58:28 INFO  [success] Generated .bloop\root.json
2025.03.27 16:58:28 INFO  [success] Generated .bloop\root-test.json
2025.03.27 16:58:28 INFO  [success] Total time: 2 s, completed 27.03.2025, 16:58:28
2025.03.27 16:58:28 INFO  time: ran 'sbt bloopInstall' in 53s
2025.03.27 16:58:28 INFO  Attempting to connect to the build server...
2025.03.27 16:58:28 INFO  Found a Bloop server running
2025.03.27 16:58:29 INFO  tracing is disabled for protocol BSP, to enable tracing of incoming and outgoing JSON messages create an empty file at C:\Users\Leon\hearts\Hearts\.metals\bsp.trace.json or C:\Users\Leon\AppData\Local\scalameta\metals\cache\bsp.trace.json
2025.03.27 16:58:29 INFO  time: Connected to build server in 1.25s
2025.03.27 16:58:29 INFO  Connected to Build server: Bloop v2.0.9
2025.03.27 16:58:29 INFO  time: Imported build in 0.12s
2025.03.27 16:58:40 INFO  time: indexed workspace in 10s
2025.03.27 16:58:41 INFO  compiling root (1 scala source)
2025.03.27 16:58:50 INFO  time: compiled root in 8.82s
2025.03.27 16:58:50 INFO  compiling root-test (1 scala source)
2025.03.27 16:58:53 INFO  time: compiled root-test in 3.38s
2025.03.27 16:59:07 INFO  time: evaluated worksheet 'Hearts.worksheet.sc' in 13s
2025.03.27 16:59:15 INFO  time: evaluated worksheet 'Hearts.worksheet.sc' in 7.9s
2025.03.27 16:59:17 INFO  time: evaluated worksheet 'Hearts.worksheet.sc' in 2.58s
